<?xml version="1.0" encoding="UTF-8"?>
<!-- Generated by org.testng.reporters.JUnitReportReporter -->
<testsuite hostname="HP-Laptop" failures="0" tests="1" name="com.ShoppersStack_TestScripts.TC_001_verify_user_is_able_to_add_address_or_not" time="32.646" errors="0" timestamp="2025-04-04T12:00:26 IST" skipped="0">
  <testcase classname="com.ShoppersStack_TestScripts.TC_001_verify_user_is_able_to_add_address_or_not" name="addAddress" time="32.646"/>
</testsuite> <!-- com.ShoppersStack_TestScripts.TC_001_verify_user_is_able_to_add_address_or_not -->
